<?xml version="1.0" encoding="UTF-8"?>
<!-- Generated by org.testng.reporters.JUnitReportReporter -->
<testsuite hostname="DESKTOP-TO5JO73" failures="0" tests="4" name="Base_coding.base_testng" time="34.110" errors="0" timestamp="2022-12-08T11:57:12 CET" skipped="0">
  <testcase classname="Base_coding.base_testng" name="step_1" time="13.116"/>
  <system-out/>
  <testcase classname="Base_coding.base_testng" name="facebbok" time="5.633"/>
  <system-out/>
  <testcase classname="Base_coding.base_testng" name="facebbok" time="4.734"/>
  <system-out/>
  <testcase classname="Base_coding.base_testng" name="navigation" time="10.627"/>
  <system-out/>
</testsuite> <!-- Base_coding.base_testng -->
