<?xml version="1.0" encoding="UTF-8"?>
<!-- Generated by org.testng.reporters.JUnitReportReporter -->
<testsuite hostname="DESKTOP-TO5JO73" failures="0" tests="2" name="simple_annotations.Logintest" time="11.276" errors="0" timestamp="2022-12-19T12:34:10 CET" skipped="0">
  <testcase classname="simple_annotations.Logintest" name="launching_browser" time="10.577"/>
  <system-out/>
  <testcase classname="simple_annotations.Logintest" name="login" time="0.699"/>
  <system-out/>
</testsuite> <!-- simple_annotations.Logintest -->
