<?xml version="1.0" encoding="UTF-8"?>
<!-- Generated by org.testng.reporters.JUnitReportReporter -->
<testsuite hostname="DESKTOP-TO5JO73" failures="0" tests="6" name="TestNG.grouping_practice" time="0.021" errors="0" timestamp="2023-01-19T17:51:17 CET" skipped="0">
  <testcase classname="TestNG.grouping_practice" name="SS_music" time="0.002"/>
  <system-out/>
  <testcase classname="TestNG.grouping_practice" name="Rose" time="0.012"/>
  <system-out/>
  <testcase classname="TestNG.grouping_practice" name="jasmine" time="0.004"/>
  <system-out/>
  <testcase classname="TestNG.grouping_practice" name="wynk" time="0.001"/>
  <system-out/>
  <testcase classname="TestNG.grouping_practice" name="spotify" time="0.001"/>
  <system-out/>
  <testcase classname="TestNG.grouping_practice" name="lotus" time="0.001"/>
  <system-out/>
</testsuite> <!-- TestNG.grouping_practice -->
