<?xml version="1.0" encoding="UTF-8"?>
<!-- Generated by org.testng.reporters.JUnitReportReporter -->
<testsuite hostname="DESKTOP-TO5JO73" failures="0" tests="6" name="TestNG.TestNG_method" time="0.031" errors="0" timestamp="2022-12-07T12:29:48 CET" skipped="0">
  <testcase classname="TestNG.TestNG_method" name="sigIn" time="0.002"/>
  <system-out/>
  <testcase classname="TestNG.TestNG_method" name="login" time="0.003"/>
  <system-out/>
  <testcase classname="TestNG.TestNG_method" name="click" time="0.019"/>
  <system-out/>
  <testcase classname="TestNG.TestNG_method" name="email" time="0.002"/>
  <system-out/>
  <testcase classname="TestNG.TestNG_method" name="zalando_page" time="0.003"/>
  <system-out/>
  <testcase classname="TestNG.TestNG_method" name="shoes" time="0.002"/>
  <system-out/>
</testsuite> <!-- TestNG.TestNG_method -->
