<?xml version="1.0" encoding="UTF-8"?>
<!-- Generated by org.testng.reporters.JUnitReportReporter -->
<testsuite hostname="DESKTOP-TO5JO73" failures="0" tests="1" name="simple_annotations.Invocation_count" time="3.828" errors="0" timestamp="2022-12-14T17:10:06 CET" skipped="0">
  <testcase classname="simple_annotations.Invocation_count" name="browser_lauch" time="3.828"/>
  <system-out/>
</testsuite> <!-- simple_annotations.Invocation_count -->
