<?xml version="1.0" encoding="UTF-8"?>
<!-- Generated by org.testng.reporters.JUnitReportReporter -->
<testsuite hostname="DESKTOP-TO5JO73" failures="0" tests="8" name="Adactin_testng.testng_project" time="13.284" errors="0" timestamp="2023-01-11T15:53:38 CET" skipped="0">
  <testcase classname="Adactin_testng.testng_project" name="Setproperty" time="0.013"/>
  <system-out/>
  <testcase classname="Adactin_testng.testng_project" name="Browser_launch" time="2.020"/>
  <system-out/>
  <testcase classname="Adactin_testng.testng_project" name="get_url" time="5.114"/>
  <system-out/>
  <testcase classname="Adactin_testng.testng_project" name="Refresh" time="0.432"/>
  <system-out/>
  <testcase classname="Adactin_testng.testng_project" name="Refresh" time="0.442"/>
  <system-out/>
  <testcase classname="Adactin_testng.testng_project" name="Refresh" time="0.435"/>
  <system-out/>
  <testcase classname="Adactin_testng.testng_project" name="login" time="0.198"/>
  <system-out/>
  <testcase classname="Adactin_testng.testng_project" name="click" time="4.630"/>
  <system-out/>
</testsuite> <!-- Adactin_testng.testng_project -->
