<?xml version="1.0" encoding="UTF-8"?>
<!-- Generated by org.testng.reporters.JUnitReportReporter -->
<testsuite hostname="DESKTOP-TO5JO73" failures="0" tests="1" name="simple_annotations.Priority_case" time="12.055" errors="0" timestamp="2022-12-14T17:10:06 CET" skipped="0">
  <testcase classname="simple_annotations.Priority_case" name="browser_launch" time="12.055"/>
  <system-out/>
</testsuite> <!-- simple_annotations.Priority_case -->
