<?xml version="1.0" encoding="UTF-8"?>
<!-- Generated by org.testng.reporters.JUnitReportReporter -->
<testsuite hostname="DESKTOP-TO5JO73" failures="0" tests="5" name="simple_annotations.Ignore_case" time="3.074" errors="0" timestamp="2023-01-11T11:04:42 CET" skipped="1">
  <testcase classname="simple_annotations.Ignore_case" name="browser" time="1.537"/>
  <system-out/>
  <testcase classname="simple_annotations.Ignore_case" name="maximize" time="0.152"/>
  <system-out/>
  <testcase classname="simple_annotations.Ignore_case" name="geturl" time="1.164"/>
  <system-out/>
  <testcase classname="simple_annotations.Ignore_case" name="quit" time="0.221"/>
  <system-out/>
  <testcase classname="simple_annotations.Ignore_case" name="kids">
    <skipped/>
  </testcase> <!-- kids -->
  <system-out/>
</testsuite> <!-- simple_annotations.Ignore_case -->
