<?xml version="1.0" encoding="UTF-8"?>
<!-- Generated by org.testng.reporters.JUnitReportReporter -->
<testsuite hostname="DESKTOP-TO5JO73" failures="0" tests="1" name="Base_coding.Page_obj_med" time="1.471" errors="0" timestamp="2022-12-19T12:35:01 CET" skipped="0">
  <testcase classname="Base_coding.Page_obj_med" name="Browserlaunch" time="1.471"/>
  <system-out/>
</testsuite> <!-- Base_coding.Page_obj_med -->
