<?xml version="1.0" encoding="UTF-8"?>
<!-- Generated by org.testng.reporters.JUnitReportReporter -->
<testsuite hostname="DESKTOP-TO5JO73" failures="0" tests="9" name="testng_pro.testng_methods" time="29.618" errors="0" timestamp="2023-01-12T11:41:01 CET" skipped="0">
  <testcase classname="testng_pro.testng_methods" name="Setproperty" time="0.012"/>
  <system-out/>
  <testcase classname="testng_pro.testng_methods" name="browser_launch" time="1.793"/>
  <system-out/>
  <testcase classname="testng_pro.testng_methods" name="Get_url" time="17.443"/>
  <system-out/>
  <testcase classname="testng_pro.testng_methods" name="maximization" time="0.286"/>
  <system-out/>
  <testcase classname="testng_pro.testng_methods" name="navigate" time="8.622"/>
  <system-out/>
  <testcase classname="testng_pro.testng_methods" name="refresh" time="0.921"/>
  <system-out/>
  <testcase classname="testng_pro.testng_methods" name="refresh" time="0.030"/>
  <system-out/>
  <testcase classname="testng_pro.testng_methods" name="refresh" time="0.509"/>
  <system-out/>
  <testcase classname="testng_pro.testng_methods" name="maths" time="0.002"/>
  <system-out/>
</testsuite> <!-- testng_pro.testng_methods -->
